Determining if the pthread_create exist failed with the following output:
Change Dir: /home/fshodzoncy/robotic_arm/build/moveo_moveit/CMakeFiles/CMakeTmp

Run Build Command:"/usr/bin/make" "cmTC_caf67/fast"
/usr/bin/make -f CMakeFiles/cmTC_caf67.dir/build.make CMakeFiles/cmTC_caf67.dir/build
make[1]: Entering directory '/home/fshodzoncy/robotic_arm/build/moveo_moveit/CMakeFiles/CMakeTmp'
Building C object CMakeFiles/cmTC_caf67.dir/CheckSymbolExists.c.o
/usr/bin/cc     -o CMakeFiles/cmTC_caf67.dir/CheckSymbolExists.c.o   -c /home/fshodzoncy/robotic_arm/build/moveo_moveit/CMakeFiles/CMakeTmp/CheckSymbolExists.c
Linking C executable cmTC_caf67
/usr/bin/cmake -E cmake_link_script CMakeFiles/cmTC_caf67.dir/link.txt --verbose=1
/usr/bin/cc       CMakeFiles/cmTC_caf67.dir/CheckSymbolExists.c.o  -o cmTC_caf67 -rdynamic 
CMakeFiles/cmTC_caf67.dir/CheckSymbolExists.c.o: In function `main':
CheckSymbolExists.c:(.text+0x16): undefined reference to `pthread_create'
collect2: error: ld returned 1 exit status
CMakeFiles/cmTC_caf67.dir/build.make:97: recipe for target 'cmTC_caf67' failed
make[1]: *** [cmTC_caf67] Error 1
make[1]: Leaving directory '/home/fshodzoncy/robotic_arm/build/moveo_moveit/CMakeFiles/CMakeTmp'
Makefile:126: recipe for target 'cmTC_caf67/fast' failed
make: *** [cmTC_caf67/fast] Error 2

File /home/fshodzoncy/robotic_arm/build/moveo_moveit/CMakeFiles/CMakeTmp/CheckSymbolExists.c:
/* */
#include <pthread.h>

int main(int argc, char** argv)
{
  (void)argv;
#ifndef pthread_create
  return ((int*)(&pthread_create))[argc];
#else
  (void)argc;
  return 0;
#endif
}

Determining if the function pthread_create exists in the pthreads failed with the following output:
Change Dir: /home/fshodzoncy/robotic_arm/build/moveo_moveit/CMakeFiles/CMakeTmp

Run Build Command:"/usr/bin/make" "cmTC_f6a80/fast"
/usr/bin/make -f CMakeFiles/cmTC_f6a80.dir/build.make CMakeFiles/cmTC_f6a80.dir/build
make[1]: Entering directory '/home/fshodzoncy/robotic_arm/build/moveo_moveit/CMakeFiles/CMakeTmp'
Building C object CMakeFiles/cmTC_f6a80.dir/CheckFunctionExists.c.o
/usr/bin/cc    -DCHECK_FUNCTION_EXISTS=pthread_create   -o CMakeFiles/cmTC_f6a80.dir/CheckFunctionExists.c.o   -c /usr/share/cmake-3.5/Modules/CheckFunctionExists.c
Linking C executable cmTC_f6a80
/usr/bin/cmake -E cmake_link_script CMakeFiles/cmTC_f6a80.dir/link.txt --verbose=1
/usr/bin/cc   -DCHECK_FUNCTION_EXISTS=pthread_create    CMakeFiles/cmTC_f6a80.dir/CheckFunctionExists.c.o  -o cmTC_f6a80 -rdynamic -lpthreads 
/usr/bin/ld: cannot find -lpthreads
collect2: error: ld returned 1 exit status
CMakeFiles/cmTC_f6a80.dir/build.make:97: recipe for target 'cmTC_f6a80' failed
make[1]: *** [cmTC_f6a80] Error 1
make[1]: Leaving directory '/home/fshodzoncy/robotic_arm/build/moveo_moveit/CMakeFiles/CMakeTmp'
Makefile:126: recipe for target 'cmTC_f6a80/fast' failed
make: *** [cmTC_f6a80/fast] Error 2


