[35m[1mScanning dependencies of target controller_manager_example[0m
[35m[1mScanning dependencies of target ros_api_tutorial[0m
[35m[1mScanning dependencies of target motion_planning_api_tutorial[0m
[35m[1mScanning dependencies of target interactivity_utils[0m
[  2%] [32mBuilding CXX object doc/controller_configuration/CMakeFiles/controller_manager_example.dir/src/moveit_controller_manager_example.cpp.o[0m
[  4%] [32mBuilding CXX object doc/motion_planning_api/CMakeFiles/motion_planning_api_tutorial.dir/src/motion_planning_api_tutorial.cpp.o[0m
[  6%] [32mBuilding CXX object doc/kinematics/CMakeFiles/ros_api_tutorial.dir/src/ros_api_tutorial.cpp.o[0m
[  9%] [32mBuilding CXX object doc/interactivity/CMakeFiles/interactivity_utils.dir/src/interactive_robot.cpp.o[0m
[ 11%] [32m[1mLinking CXX shared library /home/fshodzoncy/robotic_arm/devel/.private/moveit_tutorials/lib/libcontroller_manager_example.so[0m
In file included from [01m[K/usr/include/eigen3/Eigen/Core:297:0[m[K,
                 from [01m[K/usr/include/eigen3/Eigen/Geometry:11[m[K,
                 from [01m[K/opt/ros/kinetic/include/moveit/robot_model/joint_model.h:47[m[K,
                 from [01m[K/opt/ros/kinetic/include/moveit/robot_model/joint_model_group.h:41[m[K,
                 from [01m[K/opt/ros/kinetic/include/moveit/robot_model/robot_model.h:47[m[K,
                 from [01m[K/opt/ros/kinetic/include/moveit/robot_model_loader/robot_model_loader.h:41[m[K,
                 from [01m[K/home/fshodzoncy/robotic_arm/src/moveit_tutorials/doc/interactivity/include/interactivity/interactive_robot.h:43[m[K,
                 from [01m[K/home/fshodzoncy/robotic_arm/src/moveit_tutorials/doc/interactivity/src/interactive_robot.cpp:39[m[K:
/usr/include/eigen3/Eigen/src/Geometry/Transform.h: In instantiation of ‘[01m[KEigen::Transform<Scalar, Dim, Mode, _Options>::Transform(const Eigen::Transform<_Scalar, Dim, OtherMode, OtherOptions>&) [with int OtherMode = 2; int OtherOptions = 0; _Scalar = double; int _Dim = 3; int _Mode = 1; int _Options = 0][m[K’:
[01m[K/home/fshodzoncy/robotic_arm/src/moveit_tutorials/doc/interactivity/src/interactive_robot.cpp:88:32:[m[K   required from here
[01m[K/usr/include/eigen3/Eigen/src/Geometry/Transform.h:330:5:[m[K [01;31m[Kerror: [m[Kstatic assertion failed: YOU_PERFORMED_AN_INVALID_TRANSFORMATION_CONVERSION
     EIGEN_STATIC_ASSERT(EIGEN_IMPLIES(OtherMode==int(Affine)||OtherMode==int(AffineCompact), Mode!=int(Isometry)),
[01;32m[K     ^[m[K
[ 11%] Built target controller_manager_example
[35m[1mScanning dependencies of target motion_planning_pipeline_tutorial[0m
[ 13%] [32mBuilding CXX object doc/motion_planning_pipeline/CMakeFiles/motion_planning_pipeline_tutorial.dir/src/motion_planning_pipeline_tutorial.cpp.o[0m
doc/interactivity/CMakeFiles/interactivity_utils.dir/build.make:62: recipe for target 'doc/interactivity/CMakeFiles/interactivity_utils.dir/src/interactive_robot.cpp.o' failed
CMakeFiles/Makefile2:4197: recipe for target 'doc/interactivity/CMakeFiles/interactivity_utils.dir/all' failed
make[2]: *** [doc/interactivity/CMakeFiles/interactivity_utils.dir/src/interactive_robot.cpp.o] Error 1
make[1]: *** [doc/interactivity/CMakeFiles/interactivity_utils.dir/all] Error 2
make[1]: *** Waiting for unfinished jobs....
[ 15%] [32m[1mLinking CXX executable /home/fshodzoncy/robotic_arm/devel/.private/moveit_tutorials/lib/moveit_tutorials/ros_api_tutorial[0m
[ 15%] Built target ros_api_tutorial
[ 18%] [32m[1mLinking CXX executable /home/fshodzoncy/robotic_arm/devel/.private/moveit_tutorials/lib/moveit_tutorials/motion_planning_api_tutorial[0m
[ 18%] Built target motion_planning_api_tutorial
[ 20%] [32m[1mLinking CXX executable /home/fshodzoncy/robotic_arm/devel/.private/moveit_tutorials/lib/moveit_tutorials/motion_planning_pipeline_tutorial[0m
[ 20%] Built target motion_planning_pipeline_tutorial
Makefile:138: recipe for target 'all' failed
make: *** [all] Error 2
