[  4%] Built target controller_manager_example
[  6%] [32mBuilding CXX object doc/interactivity/CMakeFiles/interactivity_utils.dir/src/interactive_robot.cpp.o[0m
[ 11%] Built target ros_api_tutorial
[ 15%] Built target motion_planning_api_tutorial
[35m[1mScanning dependencies of target detect_and_add_cylinder_collision_object_demo[0m
[35m[1mScanning dependencies of target move_group_interface_tutorial[0m
[ 20%] Built target motion_planning_pipeline_tutorial
[ 22%] [32mBuilding CXX object doc/interactivity/CMakeFiles/interactivity_utils.dir/src/imarker.cpp.o[0m
[ 25%] [32mBuilding CXX object doc/move_group_interface/CMakeFiles/move_group_interface_tutorial.dir/src/move_group_interface_tutorial.cpp.o[0m
[ 27%] [32mBuilding CXX object doc/perception_pipeline/CMakeFiles/detect_and_add_cylinder_collision_object_demo.dir/src/detect_and_add_cylinder_collision_object_demo.cpp.o[0m
In file included from [01m[K/usr/include/eigen3/Eigen/Core:297:0[m[K,
                 from [01m[K/usr/include/eigen3/Eigen/Geometry:11[m[K,
                 from [01m[K/opt/ros/kinetic/include/moveit/robot_model/joint_model.h:47[m[K,
                 from [01m[K/opt/ros/kinetic/include/moveit/robot_model/joint_model_group.h:41[m[K,
                 from [01m[K/opt/ros/kinetic/include/moveit/robot_model/robot_model.h:47[m[K,
                 from [01m[K/opt/ros/kinetic/include/moveit/robot_model_loader/robot_model_loader.h:41[m[K,
                 from [01m[K/home/fshodzoncy/robotic_arm/src/moveit_tutorials/doc/interactivity/include/interactivity/interactive_robot.h:43[m[K,
                 from [01m[K/home/fshodzoncy/robotic_arm/src/moveit_tutorials/doc/interactivity/src/interactive_robot.cpp:39[m[K:
/usr/include/eigen3/Eigen/src/Geometry/Transform.h: In instantiation of ‘[01m[KEigen::Transform<Scalar, Dim, Mode, _Options>::Transform(const Eigen::Transform<_Scalar, Dim, OtherMode, OtherOptions>&) [with int OtherMode = 2; int OtherOptions = 0; _Scalar = double; int _Dim = 3; int _Mode = 1; int _Options = 0][m[K’:
[01m[K/home/fshodzoncy/robotic_arm/src/moveit_tutorials/doc/interactivity/src/interactive_robot.cpp:88:32:[m[K   required from here
[01m[K/usr/include/eigen3/Eigen/src/Geometry/Transform.h:330:5:[m[K [01;31m[Kerror: [m[Kstatic assertion failed: YOU_PERFORMED_AN_INVALID_TRANSFORMATION_CONVERSION
     EIGEN_STATIC_ASSERT(EIGEN_IMPLIES(OtherMode==int(Affine)||OtherMode==int(AffineCompact), Mode!=int(Isometry)),
[01;32m[K     ^[m[K
[ 29%] [32mBuilding CXX object doc/interactivity/CMakeFiles/interactivity_utils.dir/src/pose_string.cpp.o[0m
[01m[K/home/fshodzoncy/robotic_arm/src/moveit_tutorials/doc/move_group_interface/src/move_group_interface_tutorial.cpp:[m[K In function ‘[01m[Kint main(int, char**)[m[K’:
[01m[K/home/fshodzoncy/robotic_arm/src/moveit_tutorials/doc/move_group_interface/src/move_group_interface_tutorial.cpp:116:34:[m[K [01;31m[Kerror: [m[K‘[01m[Kclass moveit::planning_interface::MoveGroupInterface[m[K’ has no member named ‘[01m[KgetJointModelGroupNames[m[K’
   std::copy(move_group_interface.getJointModelGroupNames().begin(),
[01;32m[K                                  ^[m[K
[01m[K/home/fshodzoncy/robotic_arm/src/moveit_tutorials/doc/move_group_interface/src/move_group_interface_tutorial.cpp:117:34:[m[K [01;31m[Kerror: [m[K‘[01m[Kclass moveit::planning_interface::MoveGroupInterface[m[K’ has no member named ‘[01m[KgetJointModelGroupNames[m[K’
             move_group_interface.getJointModelGroupNames().end(), std::ostream_iterator<std::string>(std::cout, ", "));
[01;32m[K                                  ^[m[K
[01m[K/home/fshodzoncy/robotic_arm/src/moveit_tutorials/doc/move_group_interface/src/move_group_interface_tutorial.cpp:324:42:[m[K [01;31m[Kerror: [m[Kno matching function for call to ‘[01m[Kmoveit::planning_interface::MoveGroupInterface::execute(moveit_msgs::RobotTrajectory&)[m[K’
   move_group_interface.execute(trajectory);
[01;32m[K                                          ^[m[K
In file included from [01m[K/home/fshodzoncy/robotic_arm/src/moveit_tutorials/doc/move_group_interface/src/move_group_interface_tutorial.cpp:37:0[m[K:
[01m[K/opt/ros/kinetic/include/moveit/move_group_interface/move_group_interface.h:708:19:[m[K [01;36m[Knote: [m[Kcandidate: moveit::planning_interface::MoveItErrorCode moveit::planning_interface::MoveGroupInterface::execute(const moveit::planning_interface::MoveGroupInterface::Plan&)
   MoveItErrorCode execute(const Plan& plan);
[01;32m[K                   ^[m[K
[01m[K/opt/ros/kinetic/include/moveit/move_group_interface/move_group_interface.h:708:19:[m[K [01;36m[Knote: [m[K  no known conversion for argument 1 from ‘[01m[Kmoveit_msgs::RobotTrajectory {aka moveit_msgs::RobotTrajectory_<std::allocator<void> >}[m[K’ to ‘[01m[Kconst moveit::planning_interface::MoveGroupInterface::Plan&[m[K’
doc/interactivity/CMakeFiles/interactivity_utils.dir/build.make:62: recipe for target 'doc/interactivity/CMakeFiles/interactivity_utils.dir/src/interactive_robot.cpp.o' failed
make[2]: *** [doc/interactivity/CMakeFiles/interactivity_utils.dir/src/interactive_robot.cpp.o] Error 1
make[2]: *** Waiting for unfinished jobs....
[35m[1mScanning dependencies of target bag_publisher_maintain_time[0m
[ 31%] [32mBuilding CXX object doc/perception_pipeline/CMakeFiles/bag_publisher_maintain_time.dir/src/bag_publisher_maintain_time.cpp.o[0m
CMakeFiles/Makefile2:4197: recipe for target 'doc/interactivity/CMakeFiles/interactivity_utils.dir/all' failed
make[1]: *** [doc/interactivity/CMakeFiles/interactivity_utils.dir/all] Error 2
make[1]: *** Waiting for unfinished jobs....
doc/move_group_interface/CMakeFiles/move_group_interface_tutorial.dir/build.make:62: recipe for target 'doc/move_group_interface/CMakeFiles/move_group_interface_tutorial.dir/src/move_group_interface_tutorial.cpp.o' failed
make[2]: *** [doc/move_group_interface/CMakeFiles/move_group_interface_tutorial.dir/src/move_group_interface_tutorial.cpp.o] Error 1
CMakeFiles/Makefile2:4417: recipe for target 'doc/move_group_interface/CMakeFiles/move_group_interface_tutorial.dir/all' failed
make[1]: *** [doc/move_group_interface/CMakeFiles/move_group_interface_tutorial.dir/all] Error 2
[ 34%] [32m[1mLinking CXX executable /home/fshodzoncy/robotic_arm/devel/.private/moveit_tutorials/lib/moveit_tutorials/bag_publisher_maintain_time[0m
[ 34%] Built target bag_publisher_maintain_time
[ 36%] [32m[1mLinking CXX executable /home/fshodzoncy/robotic_arm/devel/.private/moveit_tutorials/lib/moveit_tutorials/detect_and_add_cylinder_collision_object_demo[0m
[ 36%] Built target detect_and_add_cylinder_collision_object_demo
Makefile:138: recipe for target 'all' failed
make: *** [all] Error 2
