Determining if the pthread_create exist failed with the following output:
Change Dir: /home/fshodzoncy/robotic_arm/build/panda_moveit_config/CMakeFiles/CMakeTmp

Run Build Command:"/usr/bin/make" "cmTC_bbcff/fast"
/usr/bin/make -f CMakeFiles/cmTC_bbcff.dir/build.make CMakeFiles/cmTC_bbcff.dir/build
make[1]: Entering directory '/home/fshodzoncy/robotic_arm/build/panda_moveit_config/CMakeFiles/CMakeTmp'
Building C object CMakeFiles/cmTC_bbcff.dir/CheckSymbolExists.c.o
/usr/bin/cc     -o CMakeFiles/cmTC_bbcff.dir/CheckSymbolExists.c.o   -c /home/fshodzoncy/robotic_arm/build/panda_moveit_config/CMakeFiles/CMakeTmp/CheckSymbolExists.c
Linking C executable cmTC_bbcff
/usr/bin/cmake -E cmake_link_script CMakeFiles/cmTC_bbcff.dir/link.txt --verbose=1
/usr/bin/cc       CMakeFiles/cmTC_bbcff.dir/CheckSymbolExists.c.o  -o cmTC_bbcff -rdynamic 
CMakeFiles/cmTC_bbcff.dir/CheckSymbolExists.c.o: In function `main':
CheckSymbolExists.c:(.text+0x16): undefined reference to `pthread_create'
collect2: error: ld returned 1 exit status
CMakeFiles/cmTC_bbcff.dir/build.make:97: recipe for target 'cmTC_bbcff' failed
make[1]: *** [cmTC_bbcff] Error 1
make[1]: Leaving directory '/home/fshodzoncy/robotic_arm/build/panda_moveit_config/CMakeFiles/CMakeTmp'
Makefile:126: recipe for target 'cmTC_bbcff/fast' failed
make: *** [cmTC_bbcff/fast] Error 2

File /home/fshodzoncy/robotic_arm/build/panda_moveit_config/CMakeFiles/CMakeTmp/CheckSymbolExists.c:
/* */
#include <pthread.h>

int main(int argc, char** argv)
{
  (void)argv;
#ifndef pthread_create
  return ((int*)(&pthread_create))[argc];
#else
  (void)argc;
  return 0;
#endif
}

Determining if the function pthread_create exists in the pthreads failed with the following output:
Change Dir: /home/fshodzoncy/robotic_arm/build/panda_moveit_config/CMakeFiles/CMakeTmp

Run Build Command:"/usr/bin/make" "cmTC_ae1d4/fast"
/usr/bin/make -f CMakeFiles/cmTC_ae1d4.dir/build.make CMakeFiles/cmTC_ae1d4.dir/build
make[1]: Entering directory '/home/fshodzoncy/robotic_arm/build/panda_moveit_config/CMakeFiles/CMakeTmp'
Building C object CMakeFiles/cmTC_ae1d4.dir/CheckFunctionExists.c.o
/usr/bin/cc    -DCHECK_FUNCTION_EXISTS=pthread_create   -o CMakeFiles/cmTC_ae1d4.dir/CheckFunctionExists.c.o   -c /usr/share/cmake-3.5/Modules/CheckFunctionExists.c
Linking C executable cmTC_ae1d4
/usr/bin/cmake -E cmake_link_script CMakeFiles/cmTC_ae1d4.dir/link.txt --verbose=1
/usr/bin/cc   -DCHECK_FUNCTION_EXISTS=pthread_create    CMakeFiles/cmTC_ae1d4.dir/CheckFunctionExists.c.o  -o cmTC_ae1d4 -rdynamic -lpthreads 
/usr/bin/ld: cannot find -lpthreads
collect2: error: ld returned 1 exit status
CMakeFiles/cmTC_ae1d4.dir/build.make:97: recipe for target 'cmTC_ae1d4' failed
make[1]: *** [cmTC_ae1d4] Error 1
make[1]: Leaving directory '/home/fshodzoncy/robotic_arm/build/panda_moveit_config/CMakeFiles/CMakeTmp'
Makefile:126: recipe for target 'cmTC_ae1d4/fast' failed
make: *** [cmTC_ae1d4/fast] Error 2


